> nodejs-application@0.0.0 test D:\OwnedRepos\NodeJSJest
> jest

 FAIL  unit_tests/sample.test.js (7.702s)
  ● first set › Test method 2

    expect(received).toBe(expected) // Object.is equality

    Expected: false
    Received: true

      16 |
      17 |     test('Test method 2', () => {
    > 18 |         expect(true).toBe(false);
         |                      ^
      19 |     });
      20 |
      21 |     test('Test method 3', () => {

      at Object.toBe (unit_tests/sample.test.js:18:22)

  ● first set › Test method 4

    expect(received).toBe(expected) // Object.is equality

    Expected: false
    Received: true

      24 |
      25 |     test('Test method 4', () => {
    > 26 |         expect(true).toBe(false);
         |                      ^
      27 |     });
      28 |
      29 |     test('Test method 5', () => {

      at Object.toBe (unit_tests/sample.test.js:26:22)

  ● second set › Test method 2

    expect(received).toBe(expected) // Object.is equality

    Expected: false
    Received: true

      54 |
      55 |     test('Test method 2', () => {
    > 56 |         expect(true).toBe(false);
         |                      ^
      57 |     });
      58 |
      59 |     test('Test method 3', () => {

      at Object.toBe (unit_tests/sample.test.js:56:22)

  ● second set › Test method 4

    expect(received).toBe(expected) // Object.is equality

    Expected: false
    Received: true

      62 |
      63 |     test('Test method 4', () => {
    > 64 |         expect(true).toBe(false);
         |                      ^
      65 |     });
      66 |
      67 |     test('Test method 5', () => {

      at Object.toBe (unit_tests/sample.test.js:64:22)

 FAIL  unit_tests/sample2.test.js
  ● first set › Test method 2

    expect(received).toBe(expected) // Object.is equality

    Expected: false
    Received: true

      15 |
      16 |     test('Test method 2', () => {
    > 17 |         expect(true).toBe(false);
         |                      ^
      18 |     });
      19 |
      20 |     test('Test method 3', () => {

      at Object.toBe (unit_tests/sample2.test.js:17:22)

  ● first set › Test method 4

    expect(received).toBe(expected) // Object.is equality

    Expected: false
    Received: true

      23 |
      24 |     test('Test method 4', () => {
    > 25 |         expect(true).toBe(false);
         |                      ^
      26 |     });
      27 |
      28 |     test('Test method 5', () => {

      at Object.toBe (unit_tests/sample2.test.js:25:22)

  ● second set › Test method 2

    expect(received).toBe(expected) // Object.is equality

    Expected: false
    Received: true

      53 |
      54 |     test('Test method 2', () => {
    > 55 |         expect(true).toBe(false);
         |                      ^
      56 |     });
      57 |
      58 |     test('Test method 3', () => {

      at Object.toBe (unit_tests/sample2.test.js:55:22)

  ● second set › Test method 4

    expect(received).toBe(expected) // Object.is equality

    Expected: false
    Received: true

      61 |
      62 |     test('Test method 4', () => {
    > 63 |         expect(true).toBe(false);
         |                      ^
      64 |     });
      65 |
      66 |     test('Test method 5', () => {

      at Object.toBe (unit_tests/sample2.test.js:63:22)

Test Suites: 2 failed, 2 total
Tests:       8 failed, 12 passed, 20 total
Snapshots:   0 total
Time:        18.698s
Ran all test suites.
npm ERR! Test failed.  See above for more details.

> nodejs-application@0.0.0 test D:\OwnedRepos\NodeJSJest
> jest

 FAIL  unit_tests/sample.test.js (7.702s)
  ● first set › Test method 2

    expect(received).toBe(expected) // Object.is equality

    Expected: false
    Received: true

      16 |
      17 |     test('Test method 2', () => {
    > 18 |         expect(true).toBe(false);
         |                      ^
      19 |     });
      20 |
      21 |     test('Test method 3', () => {

      at Object.toBe (unit_tests/sample.test.js:18:22)

  ● first set › Test method 4

    expect(received).toBe(expected) // Object.is equality

    Expected: false
    Received: true

      24 |
      25 |     test('Test method 4', () => {
    > 26 |         expect(true).toBe(false);
         |                      ^
      27 |     });
      28 |
      29 |     test('Test method 5', () => {

      at Object.toBe (unit_tests/sample.test.js:26:22)

  ● second set › Test method 2

    expect(received).toBe(expected) // Object.is equality

    Expected: false
    Received: true

      54 |
      55 |     test('Test method 2', () => {
    > 56 |         expect(true).toBe(false);
         |                      ^
      57 |     });
      58 |
      59 |     test('Test method 3', () => {

      at Object.toBe (unit_tests/sample.test.js:56:22)

  ● second set › Test method 4

    expect(received).toBe(expected) // Object.is equality

    Expected: false
    Received: true

      62 |
      63 |     test('Test method 4', () => {
    > 64 |         expect(true).toBe(false);
         |                      ^
      65 |     });
      66 |
      67 |     test('Test method 5', () => {

      at Object.toBe (unit_tests/sample.test.js:64:22)

 FAIL  unit_tests/sample2.test.js
  ● first set › Test method 2

    expect(received).toBe(expected) // Object.is equality

    Expected: false
    Received: true

      15 |
      16 |     test('Test method 2', () => {
    > 17 |         expect(true).toBe(false);
         |                      ^
      18 |     });
      19 |
      20 |     test('Test method 3', () => {

      at Object.toBe (unit_tests/sample2.test.js:17:22)

  ● first set › Test method 4

    expect(received).toBe(expected) // Object.is equality

    Expected: false
    Received: true

      23 |
      24 |     test('Test method 4', () => {
    > 25 |         expect(true).toBe(false);
         |                      ^
      26 |     });
      27 |
      28 |     test('Test method 5', () => {

      at Object.toBe (unit_tests/sample2.test.js:25:22)

  ● second set › Test method 2

    expect(received).toBe(expected) // Object.is equality

    Expected: false
    Received: true

      53 |
      54 |     test('Test method 2', () => {
    > 55 |         expect(true).toBe(false);
         |                      ^
      56 |     });
      57 |
      58 |     test('Test method 3', () => {

      at Object.toBe (unit_tests/sample2.test.js:55:22)

  ● second set › Test method 4

    expect(received).toBe(expected) // Object.is equality

    Expected: false
    Received: true

      61 |
      62 |     test('Test method 4', () => {
    > 63 |         expect(true).toBe(false);
         |                      ^
      64 |     });
      65 |
      66 |     test('Test method 5', () => {

      at Object.toBe (unit_tests/sample2.test.js:63:22)

Test Suites: 2 failed, 2 total
Tests:       8 failed, 12 passed, 20 total
Snapshots:   0 total
Time:        18.698s
Ran all test suites.
npm ERR! Test failed.  See above for more details.